[2022-07-27T02:02:25.096Z] Log level: Info
[2022-07-27T02:02:25.107Z] [info] Validating found git in: git
[2022-07-27T02:02:25.158Z] [info] Using git 2.37.1 from git
[2022-07-27T02:02:25.190Z] > git rev-parse --show-toplevel [15ms]
[2022-07-27T02:02:25.230Z] > git rev-parse --git-dir --git-common-dir [26ms]
[2022-07-27T02:02:25.237Z] [info] Open repository: /home/liam/Documents/code/Rust/Hello_World
[2022-07-27T02:02:25.283Z] > git status -z -uall [36ms]
[2022-07-27T02:02:25.304Z] > git symbolic-ref --short HEAD [4ms]
[2022-07-27T02:02:25.314Z] > git for-each-ref --format=%(refname)%00%(upstream:short)%00%(objectname)%00%(upstream:track)%00%(upstream:remotename)%00%(upstream:remoteref) refs/heads/master refs/remotes/master [5ms]
[2022-07-27T02:02:25.326Z] > git for-each-ref --sort -committerdate --format %(refname) %(objectname) %(*objectname) [6ms]
[2022-07-27T02:02:25.328Z] > git remote --verbose [3ms]
[2022-07-27T02:02:25.347Z] > git config --get commit.template [9ms]
[2022-07-27T02:02:25.359Z] > git status -z -uall [1ms]
[2022-07-27T02:02:25.367Z] > git symbolic-ref --short HEAD [3ms]
[2022-07-27T02:02:25.375Z] > git for-each-ref --format=%(refname)%00%(upstream:short)%00%(objectname)%00%(upstream:track)%00%(upstream:remotename)%00%(upstream:remoteref) refs/heads/master refs/remotes/master [3ms]
[2022-07-27T02:02:25.385Z] > git for-each-ref --sort -committerdate --format %(refname) %(objectname) %(*objectname) [5ms]
[2022-07-27T02:02:25.386Z] > git remote --verbose [2ms]
[2022-07-27T02:02:25.397Z] > git config --get commit.template [2ms]
[2022-07-27T02:02:25.734Z] > git show --textconv :src/main.rs [6ms]
[2022-07-27T02:02:25.736Z] > git ls-files --stage -- /home/liam/Documents/code/Rust/Hello_World/src/main.rs [2ms]
[2022-07-27T02:02:25.819Z] > git check-ignore -v -z --stdin [2ms]
