[2022-07-21T20:42:44.258Z] Log level: Info
[2022-07-21T20:42:44.259Z] [info] Validating found git in: git
[2022-07-21T20:42:44.269Z] [info] Using git 2.37.1 from git
[2022-07-21T20:42:44.287Z] > git rev-parse --show-toplevel [8ms]
[2022-07-21T20:42:44.302Z] > git rev-parse --git-dir --git-common-dir [6ms]
[2022-07-21T20:42:44.312Z] [info] Open repository: /home/liam/librewolf
[2022-07-21T20:42:44.332Z] > git status -z -uall [13ms]
[2022-07-21T20:42:44.348Z] > git symbolic-ref --short HEAD [8ms]
[2022-07-21T20:42:44.361Z] > git for-each-ref --format=%(refname)%00%(upstream:short)%00%(objectname)%00%(upstream:track)%00%(upstream:remotename)%00%(upstream:remoteref) refs/heads/master refs/remotes/master [5ms]
[2022-07-21T20:42:44.373Z] > git remote --verbose [2ms]
[2022-07-21T20:42:44.374Z] > git for-each-ref --sort -committerdate --format %(refname) %(objectname) %(*objectname) [7ms]
[2022-07-21T20:42:44.391Z] > git config --get commit.template [3ms]
[2022-07-21T20:42:44.407Z] > git status -z -uall [3ms]
[2022-07-21T20:42:44.414Z] > git symbolic-ref --short HEAD [3ms]
[2022-07-21T20:42:44.424Z] > git for-each-ref --format=%(refname)%00%(upstream:short)%00%(objectname)%00%(upstream:track)%00%(upstream:remotename)%00%(upstream:remoteref) refs/heads/master refs/remotes/master [4ms]
[2022-07-21T20:42:44.439Z] > git for-each-ref --sort -committerdate --format %(refname) %(objectname) %(*objectname) [6ms]
[2022-07-21T20:42:44.440Z] > git remote --verbose [3ms]
[2022-07-21T20:42:44.455Z] > git config --get commit.template [1ms]
[2022-07-21T20:42:44.859Z] > git check-ignore -v -z --stdin [3ms]
[2022-07-21T20:42:45.919Z] > git show --textconv :librewolf-bin.install [14ms]
[2022-07-21T20:42:45.925Z] > git ls-files --stage -- /home/liam/librewolf/librewolf-bin.install [8ms]
[2022-07-21T20:42:45.952Z] > git cat-file -s 42bfeddcdd9bd74dadb445e57f6d7cbaf0951e84 [5ms]
[2022-07-21T20:42:46.715Z] > git show --textconv :PKGBUILD [15ms]
[2022-07-21T20:42:46.717Z] > git ls-files --stage -- /home/liam/librewolf/PKGBUILD [4ms]
[2022-07-21T20:42:46.724Z] > git cat-file -s 3f383363dfa30e553d15e7fcdf89073c37009d25 [1ms]
[2022-07-21T20:42:48.235Z] > git show --textconv :.SRCINFO [19ms]
[2022-07-21T20:42:48.236Z] > git ls-files --stage -- /home/liam/librewolf/.SRCINFO [3ms]
[2022-07-21T20:42:48.253Z] > git cat-file -s 3974b472ddd7892803d2342bbcf1c811e9544a24 [5ms]
