[2022-07-21 16:42:13.089] [renderer1] [error] Error: Server returned 503
    at S (vscode-file://vscode-app/usr/lib/code/out/vs/workbench/workbench.desktop.main.js:629:22251)
    at j.queryRawGalleryExtensions (vscode-file://vscode-app/usr/lib/code/out/vs/workbench/workbench.desktop.main.js:803:162923)
    at async j.queryGalleryExtensions (vscode-file://vscode-app/usr/lib/code/out/vs/workbench/workbench.desktop.main.js:803:160015)
    at async le (vscode-file://vscode-app/usr/lib/code/out/vs/workbench/workbench.desktop.main.js:803:158985)
    at async j.query (vscode-file://vscode-app/usr/lib/code/out/vs/workbench/workbench.desktop.main.js:803:159225)
    at async Co.queryGallery (vscode-file://vscode-app/usr/lib/code/out/vs/workbench/workbench.desktop.main.js:3165:14158)
    at async te.queryGallery (vscode-file://vscode-app/usr/lib/code/out/vs/workbench/workbench.desktop.main.js:3161:17092)
    at async te.query (vscode-file://vscode-app/usr/lib/code/out/vs/workbench/workbench.desktop.main.js:3161:7758)
    at async vscode-file://vscode-app/usr/lib/code/out/vs/workbench/workbench.desktop.main.js:3161:5973
[2022-07-21 16:42:14.206] [renderer1] [error] Error: Server returned 503
    at S (vscode-file://vscode-app/usr/lib/code/out/vs/workbench/workbench.desktop.main.js:629:22251)
    at j.queryRawGalleryExtensions (vscode-file://vscode-app/usr/lib/code/out/vs/workbench/workbench.desktop.main.js:803:162923)
    at async j.queryGalleryExtensions (vscode-file://vscode-app/usr/lib/code/out/vs/workbench/workbench.desktop.main.js:803:160015)
    at async le (vscode-file://vscode-app/usr/lib/code/out/vs/workbench/workbench.desktop.main.js:803:158985)
    at async j.query (vscode-file://vscode-app/usr/lib/code/out/vs/workbench/workbench.desktop.main.js:803:159225)
    at async Co.queryGallery (vscode-file://vscode-app/usr/lib/code/out/vs/workbench/workbench.desktop.main.js:3165:14158)
    at async Ie.queryGallery (vscode-file://vscode-app/usr/lib/code/out/vs/workbench/workbench.desktop.main.js:3161:17092)
    at async Ie.query (vscode-file://vscode-app/usr/lib/code/out/vs/workbench/workbench.desktop.main.js:3161:7758)
    at async vscode-file://vscode-app/usr/lib/code/out/vs/workbench/workbench.desktop.main.js:3161:5973
[2022-07-21 16:42:15.928] [renderer1] [error] Error: Server returned 503
    at S (vscode-file://vscode-app/usr/lib/code/out/vs/workbench/workbench.desktop.main.js:629:22251)
    at j.queryRawGalleryExtensions (vscode-file://vscode-app/usr/lib/code/out/vs/workbench/workbench.desktop.main.js:803:162923)
    at async j.queryGalleryExtensions (vscode-file://vscode-app/usr/lib/code/out/vs/workbench/workbench.desktop.main.js:803:160015)
    at async le (vscode-file://vscode-app/usr/lib/code/out/vs/workbench/workbench.desktop.main.js:803:158985)
    at async j.query (vscode-file://vscode-app/usr/lib/code/out/vs/workbench/workbench.desktop.main.js:803:159225)
    at async Co.queryGallery (vscode-file://vscode-app/usr/lib/code/out/vs/workbench/workbench.desktop.main.js:3165:14158)
    at async Ie.queryGallery (vscode-file://vscode-app/usr/lib/code/out/vs/workbench/workbench.desktop.main.js:3161:17092)
    at async Ie.query (vscode-file://vscode-app/usr/lib/code/out/vs/workbench/workbench.desktop.main.js:3161:7758)
    at async vscode-file://vscode-app/usr/lib/code/out/vs/workbench/workbench.desktop.main.js:3161:5973
[2022-07-21 16:42:19.822] [renderer1] [error] Error: Server returned 503
    at S (vscode-file://vscode-app/usr/lib/code/out/vs/workbench/workbench.desktop.main.js:629:22251)
    at j.queryRawGalleryExtensions (vscode-file://vscode-app/usr/lib/code/out/vs/workbench/workbench.desktop.main.js:803:162923)
    at async j.queryGalleryExtensions (vscode-file://vscode-app/usr/lib/code/out/vs/workbench/workbench.desktop.main.js:803:160015)
    at async le (vscode-file://vscode-app/usr/lib/code/out/vs/workbench/workbench.desktop.main.js:803:158985)
    at async j.query (vscode-file://vscode-app/usr/lib/code/out/vs/workbench/workbench.desktop.main.js:803:159225)
    at async Co.queryGallery (vscode-file://vscode-app/usr/lib/code/out/vs/workbench/workbench.desktop.main.js:3165:14158)
    at async te.queryGallery (vscode-file://vscode-app/usr/lib/code/out/vs/workbench/workbench.desktop.main.js:3161:17092)
    at async te.query (vscode-file://vscode-app/usr/lib/code/out/vs/workbench/workbench.desktop.main.js:3161:7758)
    at async vscode-file://vscode-app/usr/lib/code/out/vs/workbench/workbench.desktop.main.js:3161:5973
