[2022-07-21 16:42:56.912] [exthost] [info] Extension host with pid 9121 started
[2022-07-21 16:42:56.912] [exthost] [info] Skipping acquiring lock for /home/liam/.config/Code - OSS/User/workspaceStorage/edfa887199dadacffb26744d12af3048.
[2022-07-21 16:42:56.962] [exthost] [info] ExtensionService#_doActivateExtension vscode.debug-auto-launch, startup: true, activationEvent: '*'
[2022-07-21 16:42:56.965] [exthost] [info] ExtensionService#_doActivateExtension vscode.git-base, startup: true, activationEvent: '*', root cause: vscode.git
[2022-07-21 16:42:56.967] [exthost] [info] ExtensionService#_doActivateExtension vscode.ipynb, startup: true, activationEvent: '*'
[2022-07-21 16:42:56.980] [exthost] [info] ExtensionService#_doActivateExtension vscode.git, startup: true, activationEvent: '*'
[2022-07-21 16:42:56.999] [exthost] [info] ExtensionService#_doActivateExtension vscode.github, startup: true, activationEvent: '*'
[2022-07-21 16:42:57.074] [exthost] [info] Eager extensions activated
[2022-07-21 16:42:57.110] [exthost] [info] ExtensionService#_doActivateExtension vscode.emmet, startup: false, activationEvent: 'onStartupFinished'
[2022-07-21 16:42:57.126] [exthost] [info] ExtensionService#_doActivateExtension vscode.merge-conflict, startup: false, activationEvent: 'onStartupFinished'
[2022-07-21 16:42:57.911] [exthost] [info] Extension host terminating: received terminate message from renderer
[2022-07-21 16:42:57.917] [exthost] [info] Extension host with pid 9121 exiting with code 0
[2022-07-21 16:43:00.208] [exthost] [info] Extension host with pid 9217 started
[2022-07-21 16:43:00.273] [exthost] [info] ExtensionService#_doActivateExtension vscode.debug-auto-launch, startup: true, activationEvent: '*'
[2022-07-21 16:43:00.276] [exthost] [info] ExtensionService#_doActivateExtension vscode.git-base, startup: true, activationEvent: '*', root cause: vscode.git
[2022-07-21 16:43:00.278] [exthost] [info] ExtensionService#_doActivateExtension vscode.ipynb, startup: true, activationEvent: '*'
[2022-07-21 16:43:00.286] [exthost] [info] ExtensionService#_doActivateExtension vscode.git, startup: true, activationEvent: '*'
[2022-07-21 16:43:00.303] [exthost] [info] ExtensionService#_doActivateExtension vscode.github, startup: true, activationEvent: '*'
[2022-07-21 16:43:00.335] [exthost] [info] Eager extensions activated
[2022-07-21 16:43:00.345] [exthost] [info] ExtensionService#_doActivateExtension vscode.emmet, startup: false, activationEvent: 'onStartupFinished'
[2022-07-21 16:43:00.351] [exthost] [info] ExtensionService#_doActivateExtension vscode.merge-conflict, startup: false, activationEvent: 'onStartupFinished'
[2022-07-21 16:46:29.472] [exthost] [info] Extension host terminating: received terminate message from renderer
[2022-07-21 16:46:29.484] [exthost] [info] Extension host with pid 9217 exiting with code 0
[2022-07-21 16:46:31.982] [exthost] [info] Extension host with pid 10462 started
[2022-07-21 16:46:31.982] [exthost] [info] Skipping acquiring lock for /home/liam/.config/Code - OSS/User/workspaceStorage/a377a4c1a91291db4ec8b8a2a0579e2a.
[2022-07-21 16:46:32.106] [exthost] [info] ExtensionService#_doActivateExtension vscode.debug-auto-launch, startup: true, activationEvent: '*'
[2022-07-21 16:46:32.114] [exthost] [info] ExtensionService#_doActivateExtension vscode.git-base, startup: true, activationEvent: '*', root cause: vscode.git
[2022-07-21 16:46:32.116] [exthost] [info] ExtensionService#_doActivateExtension vscode.ipynb, startup: true, activationEvent: '*'
[2022-07-21 16:46:32.125] [exthost] [info] ExtensionService#_doActivateExtension vscode.git, startup: true, activationEvent: '*'
[2022-07-21 16:46:32.148] [exthost] [info] ExtensionService#_doActivateExtension vscode.github, startup: true, activationEvent: '*'
[2022-07-21 16:46:32.203] [exthost] [info] Eager extensions activated
[2022-07-21 16:46:32.235] [exthost] [info] ExtensionService#_doActivateExtension vscode.emmet, startup: false, activationEvent: 'onStartupFinished'
[2022-07-21 16:46:32.242] [exthost] [info] ExtensionService#_doActivateExtension vscode.merge-conflict, startup: false, activationEvent: 'onStartupFinished'
[2022-07-21 16:49:22.095] [exthost] [info] Extension host terminating: received terminate message from renderer
[2022-07-21 16:49:22.104] [exthost] [info] Extension host with pid 10462 exiting with code 0
