[2022-07-25T17:30:38.831Z] Log level: Info
[2022-07-25T17:30:38.831Z] [info] Validating found git in: git
[2022-07-25T17:30:38.864Z] [info] Using git 2.37.1 from git
[2022-07-25T17:30:38.882Z] > git rev-parse --show-toplevel [9ms]
[2022-07-25T17:30:38.918Z] > git rev-parse --git-dir --git-common-dir [28ms]
[2022-07-25T17:30:38.927Z] [info] Open repository: /home/liam/Documents/code/Rust/Hello_World
[2022-07-25T17:30:38.949Z] > git status -z -uall [13ms]
[2022-07-25T17:30:38.957Z] > git symbolic-ref --short HEAD [1ms]
[2022-07-25T17:30:38.965Z] > git for-each-ref --format=%(refname)%00%(upstream:short)%00%(objectname)%00%(upstream:track)%00%(upstream:remotename)%00%(upstream:remoteref) refs/heads/master refs/remotes/master [4ms]
[2022-07-25T17:30:38.976Z] > git for-each-ref --sort -committerdate --format %(refname) %(objectname) %(*objectname) [6ms]
[2022-07-25T17:30:38.978Z] > git remote --verbose [3ms]
[2022-07-25T17:30:38.995Z] > git config --get commit.template [5ms]
[2022-07-25T17:30:39.004Z] > git status -z -uall [2ms]
[2022-07-25T17:30:39.012Z] > git symbolic-ref --short HEAD [3ms]
[2022-07-25T17:30:39.021Z] > git for-each-ref --format=%(refname)%00%(upstream:short)%00%(objectname)%00%(upstream:track)%00%(upstream:remotename)%00%(upstream:remoteref) refs/heads/master refs/remotes/master [3ms]
[2022-07-25T17:30:39.032Z] > git remote --verbose [4ms]
[2022-07-25T17:30:39.032Z] > git for-each-ref --sort -committerdate --format %(refname) %(objectname) %(*objectname) [8ms]
[2022-07-25T17:30:39.040Z] > git config --get commit.template [2ms]
[2022-07-25T17:30:39.390Z] > git show --textconv :src/main.rs [5ms]
[2022-07-25T17:30:39.391Z] > git ls-files --stage -- /home/liam/Documents/code/Rust/Hello_World/src/main.rs [2ms]
[2022-07-25T17:30:39.472Z] > git check-ignore -v -z --stdin [2ms]
